Arguments: 
  D:\nodejs\node.exe D:\nodejs\node_modules\yarn\bin\yarn.js add eslint @typescript-eslint/parser @typescript-eslint/eslint-plugin prettier eslint-config-prettier eslint-plugin-prettier --dev

PATH: 
  C:\Program Files (x86)\Common Files\Oracle\Java\javapath;C:\WINDOWS\system32;C:\WINDOWS;C:\WINDOWS\System32\Wbem;C:\WINDOWS\System32\WindowsPowerShell\v1.0\;C:\WINDOWS\System32\OpenSSH\;C:\winapp\TortoiseSVN\bin;C:\Go\bin;C:\winapp\Git\cmd;D:\nvm;D:\nodejs;D:\nodejs\node_modules;C:\Strawberry\c\bin;C:\Strawberry\perl\site\bin;C:\Strawberry\perl\bin;D:\flutter\bin;C:\winapp\NetSarang\Xshell 7\;C:\Users\danny\AppData\Local\Microsoft\WindowsApps;C:\Users\danny\AppData\Local\Programs\Microsoft VS Code\bin;C:\Users\danny\go\bin;D:\nvm;D:\nodejs

Yarn version: 
  1.22.10

Node version: 
  14.16.0

Platform: 
  win32 x64

Trace: 
  Error: ENOENT: no such file or directory, copyfile 'C:\Users\danny\AppData\Local\Yarn\Cache\v6\npm-ansi-styles-3.2.1-41fbb20243e50b12be0f04b8dedbf07520ce841d-integrity\node_modules\ansi-styles\index.js' -> 'D:\workspace\演讲\vite-project\node_modules\@babel\highlight\node_modules\ansi-styles\index.js'

npm manifest: 
  {
    "name": "vite-project",
    "version": "0.0.0",
    "scripts": {
      "dev": "cross-env NODE_ENV=development vite",
      "build": "cross-env NODE_ENV=production vite build",
      "serve": "cross-env NODE_ENV=production vite preview"
    },
    "dependencies": {
      "axios": "^0.21.1",
      "cross-env": "^7.0.3",
      "element-plus": "^1.0.2-beta.39",
      "github-markdown-css": "^4.0.0",
      "js-cookie": "^2.2.1",
      "markdown-it": "^11.0.0",
      "markdown-it-container": "^3.0.0",
      "markdown-it-emoji": "^1.4.0",
      "markdown-it-for-inline": "^0.1.1",
      "nprogress": "^0.2.0",
      "path": "^0.12.7",
      "path-to-regexp": "^6.2.0",
      "qs": "^6.9.6",
      "vue": "^3.0.5",
      "vue-router": "^4.0.4",
      "vue3-markdown-it": "^1.0.5",
      "vuex": "^4.0.0",
      "vuex-module-decorators": "^1.0.1"
    },
    "devDependencies": {
      "@types/js-cookie": "^2.2.6",
      "@types/markdown-it": "^12.0.1",
      "@types/markdown-it-emoji": "^2.0.0",
      "@types/nprogress": "^0.2.0",
      "@types/qs": "^6.9.5",
      "@typescript-eslint/eslint-plugin": "^4.22.0",
      "@typescript-eslint/parser": "^4.22.0",
      "@vitejs/plugin-vue": "^1.1.4",
      "@vue/compiler-sfc": "^3.0.5",
      "@vuedx/typecheck": "^0.6.0",
      "@vuedx/typescript-plugin-vue": "^0.6.0",
      "cross-env": "^7.0.3",
      "eslint": "^7.24.0",
      "eslint-config-airbnb-base": "^14.2.1",
      "eslint-config-prettier": "^8.2.0",
      "eslint-plugin-import": "^2.22.1",
      "eslint-plugin-prettier": "^3.4.0",
      "eslint-plugin-vue": "^7.9.0",
      "markdown-to-text": "^0.1.1",
      "node-sass": "^5.0.0",
      "prettier": "^2.2.1",
      "sass": "^1.32.8",
      "sass-loader": "^11.0.1",
      "typescript": "^4.1.3",
      "vite": "^2.0.1"
    },
    "eslintConfig": {
      "extends": "vite-project",
      "plugins": [
        "prettier"
      ],
      "rules": {
        "prettier/prettier": "error"
      }
    }
  }

yarn manifest: 
  No manifest

Lockfile: 
  No lockfile
